NextG_3G4G/library/build/outputs/logs/manifest-merger-release-report.txt
-- Merging decision tree log ---
manifest
ADDED from NextG_3G4G/library/AndroidManifest.xml:1:1-5:12
INJECTED from NextG_3G4G/library/AndroidManifest.xml:1:1-5:12
INJECTED from NextG_3G4G/library/AndroidManifest.xml:1:1-5:12
	package
		ADDED from NextG_3G4G/library/AndroidManifest.xml:2:5-47
		INJECTED from NextG_3G4G/library/AndroidManifest.xml
		INJECTED from NextG_3G4G/library/AndroidManifest.xml
	xmlns:android
		ADDED from NextG_3G4G/library/AndroidManifest.xml:1:11-69
application
ADDED from NextG_3G4G/library/AndroidManifest.xml:4:5-20